DEBUG: cmd=avahi-browse -t -r _miio._udp 2>/dev/null fp=0x5b60701782b0
DEBUG: cmd=avahi-browse -t -r _miio._tcp 2>/dev/null fp=0x5b60701782b0
DEBUG: cmd=avahi-browse -t -r _miot-central._tcp 2>/dev/null fp=0x5b60701782b0
DEBUG: r=0 line='+   wlo1 IPv4 xiaomi-gateway-hub1-4069                      _miot-central._tcp  '
DEBUG: r=0 line='=   wlo1 IPv4 xiaomi-gateway-hub1-4069                      _miot-central._tcp  '
DEBUG: r=-1 line='   hostname = [xiaomi-gateway-hub1.local]'
DEBUG: r=-1 line='   address = [192.168.6.119]'
DEBUG: r=-1 line='   port = [8883]'
DEBUG: r=-1 line='   txt = ["profile=FAAAAABGGcV1t64kDNFfKHJAAAAQAAI="]'
DEBUG: cmd=avahi-browse -t -r _yeelight._tcp 2>/dev/null fp=0x5b60701782b0
DEBUG: cmd=avahi-browse -t -r _meshcop._udp 2>/dev/null fp=0x5b60701782b0
DEBUG: cmd=avahi-browse -t -r _hap._tcp 2>/dev/null fp=0x5b60701782b0
DEBUG: r=0 line='+   wlo1 IPv6  E96C1A                                       _hap._tcp           '
DEBUG: r=0 line='+   wlo1 IPv6 HASS Bridge VR A7EB77                         _hap._tcp           '
DEBUG: r=0 line='+   wlo1 IPv6  E18AFB                                       _hap._tcp           '
DEBUG: r=0 line='+   wlo1 IPv6 HASS Bridge HP E6A3C2                         _hap._tcp           '
DEBUG: r=0 line='+   wlo1 IPv6 HASS Bridge UZ 2087D1                         _hap._tcp           '
DEBUG: r=0 line='+   wlo1 IPv6 HASS Bridge JK D5E8DB                         _hap._tcp           '
DEBUG: r=0 line='+   wlo1 IPv6 HASS Bridge F2 6667F1                         _hap._tcp           '
DEBUG: r=0 line='+   wlo1 IPv6 HASS Bridge E49909                            _hap._tcp           '
DEBUG: r=0 line='+   wlo1 IPv6 HASS Bridge CO 675B1F                         _hap._tcp           '
DEBUG: r=0 line='+   wlo1 IPv6 HASS Bridge LB 71387E                         _hap._tcp           '
DEBUG: r=0 line='+   wlo1 IPv6 HASS Bridge 0R A8CC35                         _hap._tcp           '
DEBUG: r=0 line='+   wlo1 IPv4  E96C1A                                       _hap._tcp           '
DEBUG: r=0 line='+   wlo1 IPv4 HASS Bridge VR A7EB77                         _hap._tcp           '
DEBUG: r=0 line='+   wlo1 IPv4  E18AFB                                       _hap._tcp           '
DEBUG: r=0 line='+   wlo1 IPv4 HASS Bridge HP E6A3C2                         _hap._tcp           '
DEBUG: r=0 line='+   wlo1 IPv4 HASS Bridge UZ 2087D1                         _hap._tcp           '
DEBUG: r=0 line='+   wlo1 IPv4 HASS Bridge JK D5E8DB                         _hap._tcp           '
DEBUG: r=0 line='+   wlo1 IPv4 HASS Bridge F2 6667F1                         _hap._tcp           '
DEBUG: r=0 line='+   wlo1 IPv4 HASS Bridge E49909                            _hap._tcp           '
DEBUG: r=0 line='+   wlo1 IPv4 HASS Bridge CO 675B1F                         _hap._tcp           '
DEBUG: r=0 line='+   wlo1 IPv4 HASS Bridge LB 71387E                         _hap._tcp           '
DEBUG: r=0 line='+   wlo1 IPv4 HASS Bridge 0R A8CC35                         _hap._tcp           '
DEBUG: r=0 line='=   wlo1 IPv4  E96C1A                                       _hap._tcp           '
DEBUG: r=-1 line='   hostname = [acd8bbe10b8e4dda9cbf50efdcc3e090-hap.local]'
DEBUG: r=-1 line='   address = [192.168.6.127]'
DEBUG: r=-1 line='   port = [21075]'
DEBUG: r=-1 line='   txt = ["sh=mc7c/g==" "sf=0" "ci=17" "ff=0" "s#=1" "c#=2" "id=FD:A6:65:E9:6C:1'
DEBUG: r=0 line='=   wlo1 IPv4 HASS Bridge VR A7EB77                         _hap._tcp           '
DEBUG: r=-1 line='   hostname = [acd8bbe10b8e4dda9cbf50efdcc3e090-hap.local]'
DEBUG: r=-1 line='   address = [192.168.6.127]'
DEBUG: r=-1 line='   port = [21070]'
DEBUG: r=-1 line='   txt = ["sh=iswRlQ==" "sf=0" "ci=2" "ff=0" "s#=1" "c#=7" "id=EC:31:13:A7:EB:77'
DEBUG: r=0 line='=   wlo1 IPv4  E18AFB                                       _hap._tcp           '
DEBUG: r=-1 line='   hostname = [acd8bbe10b8e4dda9cbf50efdcc3e090-hap.local]'
DEBUG: r=-1 line='   address = [192.168.6.127]'
DEBUG: r=-1 line='   port = [21074]'
DEBUG: r=-1 line='   txt = ["sh=UfBJDA==" "sf=0" "ci=17" "ff=0" "s#=1" "c#=2" "id=FF:8E:3E:E1:8A:F'
DEBUG: r=0 line='=   wlo1 IPv4 HASS Bridge HP E6A3C2                         _hap._tcp           '
DEBUG: r=-1 line='   hostname = [acd8bbe10b8e4dda9cbf50efdcc3e090-hap.local]'
DEBUG: r=-1 line='   address = [192.168.6.127]'
DEBUG: r=-1 line='   port = [21065]'
DEBUG: r=-1 line='   txt = ["sh=xKzGOQ==" "sf=0" "ci=2" "ff=0" "s#=1" "c#=5" "id=AF:48:73:E6:A3:C2'
DEBUG: r=0 line='=   wlo1 IPv4 HASS Bridge UZ 2087D1                         _hap._tcp           '
DEBUG: r=-1 line='   hostname = [acd8bbe10b8e4dda9cbf50efdcc3e090-hap.local]'
DEBUG: r=-1 line='   address = [192.168.6.127]'
DEBUG: r=-1 line='   port = [21071]'
DEBUG: r=-1 line='   txt = ["sh=a/XLGg==" "sf=0" "ci=2" "ff=0" "s#=1" "c#=5" "id=DD:09:25:20:87:D1'
DEBUG: r=0 line='=   wlo1 IPv4 HASS Bridge JK D5E8DB                         _hap._tcp           '
DEBUG: r=-1 line='   hostname = [acd8bbe10b8e4dda9cbf50efdcc3e090-hap.local]'
DEBUG: r=-1 line='   address = [192.168.6.127]'
DEBUG: r=-1 line='   port = [21073]'
DEBUG: r=-1 line='   txt = ["sh=3J1GSw==" "sf=0" "ci=2" "ff=0" "s#=1" "c#=11" "id=96:D2:80:D5:E8:D'
DEBUG: r=0 line='=   wlo1 IPv4 HASS Bridge F2 6667F1                         _hap._tcp           '
DEBUG: r=-1 line='   hostname = [acd8bbe10b8e4dda9cbf50efdcc3e090-hap.local]'
DEBUG: r=-1 line='   address = [192.168.6.127]'
DEBUG: r=-1 line='   port = [21068]'
DEBUG: r=-1 line='   txt = ["sh=7R2SfQ==" "sf=0" "ci=2" "ff=0" "s#=1" "c#=6" "id=4F:8F:F5:66:67:F1'
DEBUG: r=0 line='=   wlo1 IPv4 HASS Bridge E49909                            _hap._tcp           '
DEBUG: r=-1 line='   hostname = [acd8bbe10b8e4dda9cbf50efdcc3e090-hap.local]'
DEBUG: r=-1 line='   address = [192.168.6.127]'
DEBUG: r=-1 line='   port = [21064]'
DEBUG: r=-1 line='   txt = ["sh=tqhDGQ==" "sf=0" "ci=2" "ff=0" "s#=1" "c#=9" "id=FD:90:A2:E4:99:09'
DEBUG: r=0 line='=   wlo1 IPv4 HASS Bridge CO 675B1F                         _hap._tcp           '
DEBUG: r=-1 line='   hostname = [acd8bbe10b8e4dda9cbf50efdcc3e090-hap.local]'
DEBUG: r=-1 line='   address = [192.168.6.127]'
DEBUG: r=-1 line='   port = [21066]'
DEBUG: r=-1 line='   txt = ["sh=miPLng==" "sf=0" "ci=2" "ff=0" "s#=1" "c#=4" "id=E6:FA:A2:67:5B:1F'
DEBUG: r=0 line='=   wlo1 IPv4 HASS Bridge LB 71387E                         _hap._tcp           '
DEBUG: r=-1 line='   hostname = [acd8bbe10b8e4dda9cbf50efdcc3e090-hap.local]'
DEBUG: r=-1 line='   address = [192.168.6.127]'
DEBUG: r=-1 line='   port = [21069]'
DEBUG: r=-1 line='   txt = ["sh=IOi5SQ==" "sf=0" "ci=2" "ff=0" "s#=1" "c#=5" "id=77:EC:19:71:38:7E'
DEBUG: r=0 line='=   wlo1 IPv4 HASS Bridge 0R A8CC35                         _hap._tcp           '
DEBUG: r=-1 line='   hostname = [acd8bbe10b8e4dda9cbf50efdcc3e090-hap.local]'
DEBUG: r=-1 line='   address = [192.168.6.127]'
DEBUG: r=-1 line='   port = [21067]'
DEBUG: r=-1 line='   txt = ["sh=BiNpJA==" "sf=0" "ci=2" "ff=0" "s#=1" "c#=7" "id=C9:3A:31:A8:CC:35'
